Begin Incremental Netlisting Nov  6 13:07:53 2015
End netlisting Nov  6 13:07:53 2015
Begin Incremental Netlisting Nov  6 13:08:14 2015
End netlisting Nov  6 13:08:14 2015
Begin Incremental Netlisting Nov  6 13:09:08 2015
End netlisting Nov  6 13:09:08 2015
Begin Incremental Netlisting Nov  6 13:09:28 2015
End netlisting Nov  6 13:09:28 2015
Begin Incremental Netlisting Nov  6 13:09:48 2015
End netlisting Nov  6 13:09:48 2015
Begin Incremental Netlisting Nov  6 13:10:37 2015
End netlisting Nov  6 13:10:37 2015
Begin Incremental Netlisting Nov  6 13:11:11 2015
End netlisting Nov  6 13:11:11 2015
Begin Incremental Netlisting Nov  6 13:11:22 2015
End netlisting Nov  6 13:11:22 2015
Begin Incremental Netlisting Nov  6 13:11:58 2015
End netlisting Nov  6 13:11:58 2015
Begin Incremental Netlisting Nov  6 13:12:14 2015
End netlisting Nov  6 13:12:14 2015
Begin Incremental Netlisting Nov  6 13:18:12 2015
WARNING (OSSHNL-160): The primitive, 'NCSU_Analog_Parts/nmos4/spectre', was not
used in the last netlisting session in this
current run directory. Therefore,
re-netlisting all cell views where this
primitive is instantiated.

End netlisting Nov  6 13:18:12 2015
Begin Incremental Netlisting Nov  6 13:18:58 2015
End netlisting Nov  6 13:18:58 2015
Begin Incremental Netlisting Nov  6 13:20:10 2015
ERROR (OSSHNL-109): The cellview 'cse562/mirror5/schematic' has been modified
since the last extraction. Validate
that the schematic is correct and run Check
and Save to correct this error.

End netlisting Nov  6 13:20:10 2015
Begin Incremental Netlisting Nov  6 13:20:15 2015
End netlisting Nov  6 13:20:15 2015
Begin Incremental Netlisting Nov  6 13:21:36 2015
End netlisting Nov  6 13:21:37 2015
Begin Incremental Netlisting Nov  6 13:23:16 2015
End netlisting Nov  6 13:23:17 2015
Begin Incremental Netlisting Nov  6 13:28:01 2015
End netlisting Nov  6 13:28:01 2015
Begin Incremental Netlisting Nov  6 13:32:21 2015
End netlisting Nov  6 13:32:21 2015
Begin Incremental Netlisting Nov  6 13:33:48 2015
End netlisting Nov  6 13:33:49 2015
Begin Incremental Netlisting Nov  6 13:35:42 2015
End netlisting Nov  6 13:35:42 2015
Begin Incremental Netlisting Nov  6 13:46:27 2015
End netlisting Nov  6 13:46:27 2015
Begin Incremental Netlisting Nov  6 13:46:57 2015
End netlisting Nov  6 13:46:57 2015
