Begin Incremental Netlisting Nov  2 15:00:56 2015
End netlisting Nov  2 15:00:56 2015
Begin Incremental Netlisting Nov  2 15:01:21 2015
End netlisting Nov  2 15:01:21 2015
Begin Incremental Netlisting Nov  2 15:04:30 2015
WARNING (OSSHNL-160): The primitive, 'NCSU_Analog_Parts/pmos4/spectre', was not
used in the last netlisting session in this
current run directory. Therefore,
re-netlisting all cell views where this
primitive is instantiated.

End netlisting Nov  2 15:04:30 2015
Begin Incremental Netlisting Nov  2 15:05:25 2015
End netlisting Nov  2 15:05:25 2015
Begin Incremental Netlisting Nov  2 15:06:19 2015
End netlisting Nov  2 15:06:19 2015
Begin Incremental Netlisting Nov  2 15:11:56 2015
End netlisting Nov  2 15:11:57 2015
Begin Incremental Netlisting Nov  2 15:21:22 2015
End netlisting Nov  2 15:21:22 2015
Begin Incremental Netlisting Nov  2 15:22:29 2015
End netlisting Nov  2 15:22:29 2015
Begin Incremental Netlisting Nov  2 15:26:59 2015
End netlisting Nov  2 15:27:00 2015
Begin Incremental Netlisting Nov  2 15:28:01 2015
End netlisting Nov  2 15:28:01 2015
Begin Incremental Netlisting Nov  2 15:28:28 2015
End netlisting Nov  2 15:28:28 2015
Begin Incremental Netlisting Nov  2 15:30:44 2015
End netlisting Nov  2 15:30:44 2015
Begin Incremental Netlisting Nov  2 15:32:34 2015
End netlisting Nov  2 15:32:34 2015
Begin Incremental Netlisting Nov  2 15:34:37 2015
End netlisting Nov  2 15:34:37 2015
