Begin Incremental Netlisting Nov  6 14:03:54 2015
End netlisting Nov  6 14:03:55 2015
Begin Incremental Netlisting Nov  6 14:06:06 2015
WARNING (OSSHNL-226): There are more design variables used in the current
netlisting session as
compared to the last session in the current run directory.
The netlist(s)
generated in the last netlisting session cannot be reused for
incremental
netlisting. Therefore re-netlisting the design.

End netlisting Nov  6 14:06:07 2015
Begin Incremental Netlisting Nov  6 14:06:59 2015
End netlisting Nov  6 14:06:59 2015
Begin Incremental Netlisting Nov  6 14:08:19 2015
End netlisting Nov  6 14:08:19 2015
Begin Incremental Netlisting Nov  6 14:09:01 2015
End netlisting Nov  6 14:09:01 2015
Begin Incremental Netlisting Nov  6 14:11:23 2015
End netlisting Nov  6 14:11:23 2015
Begin Incremental Netlisting Nov  6 14:13:03 2015
WARNING (OSSHNL-226): There are more design variables used in the current
netlisting session as
compared to the last session in the current run directory.
The netlist(s)
generated in the last netlisting session cannot be reused for
incremental
netlisting. Therefore re-netlisting the design.

End netlisting Nov  6 14:13:03 2015
Begin Incremental Netlisting Nov  6 14:15:27 2015
End netlisting Nov  6 14:15:27 2015
Begin Incremental Netlisting Nov  6 14:17:17 2015
End netlisting Nov  6 14:17:18 2015
Begin Incremental Netlisting Nov  6 14:18:55 2015
End netlisting Nov  6 14:18:55 2015
Begin Incremental Netlisting Nov  6 14:20:23 2015
End netlisting Nov  6 14:20:23 2015
Begin Incremental Netlisting Nov  6 14:21:33 2015
End netlisting Nov  6 14:21:33 2015
