*Info*    Exporting services from client ... 

*Info*    Client has finished starting ... 



*Info*    Configuring the session ...

	Library      = cse562
	Cell         = inv_test
	View         = schematic
	Simulator    = spectre
	State Path   = $AXL_SETUPDB_DIR/test_states
	State Name   = cse562:inv_test:1_none_Interactive.0
	Results DB   = /home/warehouse/lbremer/cadence/cse562/inv_test/adexl/results/data/Interactive.0.rdb
	Results Dir  = /home/warehouse/lbremer/cadence/simulation/cse562/inv_test/adexl/results/data/Interactive.0/1/cse562:inv_test:1
	Results Loc  = /home/warehouse/lbremer/cadence/simulation/cse562/inv_test/adexl/results/data
	Project Dir  = /home/warehouse/lbremer/cadence/simulation
	Setup DB loc = /home/warehouse/lbremer/cadence/cse562/inv_test/adexl
	File Encoding = 0


*Info*    Spectre controlMode is set "batch".






*Info*    Run start for Point ID (0 1) on testbench [
          cse562:inv_test:1 ].

Resetting statistical vars

*Info*    Setting parameter values ...

Setting temp(T) = 27

*Info*    Netlist Directory =
          /home/warehouse/lbremer/cadence/simulation/cse562/inv_test/adexl/results/data/Interactive.0/1/cse562:inv_test:1/netlist


*Info*    Data Directory    =
          /home/warehouse/lbremer/cadence/simulation/cse562/inv_test/adexl/results/data/Interactive.0/1/cse562:inv_test:1


*Info*    Creating Netlist for Point ID (0 1)

generate netlist...
Loading seCore.cxt 
Initializing the control file using cp:
    cp /project/linuxlab/cadence/IC616/tools.lnx86/dfII/etc/si/control.spectre /home/warehouse/lbremer/cadence/simulation/cse562/inv_test/adexl/results/data/Interactive.0/1/cse562:inv_test:1/netlist/control
Copying Spectre source file 'spectre.inp'
Copying Spectre command file 'spectre.sim'
Begin Incremental Netlisting Oct  7 13:22:15 2015
End netlisting Oct  7 13:22:15 2015
Loading monte.cxt 

Netlisting Statistics:
	Number of components:    5

	Elapsed time:          0.0s
Errors: 0	Warnings: 0
      ...successful.
compose simulator input file...
      ...successful.

*Error*   Error ID  = 5025
*Error*   Error Msg = Error while preparing to run the simulation.









*Info*    Run start for Point ID (0 1) on testbench [
          cse562:inv_test:1 ].

Resetting statistical vars

*Info*    Setting parameter values ...

Setting temp(T) = 27

*Info*    Netlist Directory =
          /home/warehouse/lbremer/cadence/simulation/cse562/inv_test/adexl/results/data/Interactive.0/1/cse562:inv_test:1/netlist


*Info*    Data Directory    =
          /home/warehouse/lbremer/cadence/simulation/cse562/inv_test/adexl/results/data/Interactive.0/1/cse562:inv_test:1


*Info*    Creating Netlist for Point ID (0 1)

generate netlist...
Initializing the control file using cp:
    cp /project/linuxlab/cadence/IC616/tools.lnx86/dfII/etc/si/control.spectre /home/warehouse/lbremer/cadence/simulation/cse562/inv_test/adexl/results/data/Interactive.0/1/cse562:inv_test:1/netlist/control
Copying Spectre source file 'spectre.inp'
Copying Spectre command file 'spectre.sim'
Begin Incremental Netlisting Oct  7 13:22:16 2015
End netlisting Oct  7 13:22:16 2015

Netlisting Statistics:
	Number of components:    5

	Elapsed time:          0.0s
Errors: 0	Warnings: 0
      ...successful.
compose simulator input file...
      ...successful.

*Error*   Error ID  = 5025
*Error*   Error Msg = Error while preparing to run the simulation.




