\# Program start time UTC 2015.10.07 17:52:02.021
\# Local time Wednesday 7 October 2015, 12:52 pm
\o Program:		@(#)$CDS: virtuoso version 6.1.6 03/19/2015 16:30 (sjfnl132) $
\o Hierarchy:		/project/linuxlab/cadence/IC616/tools.lnx86/dfII/
\o Sub version:		sub-version  IC6.1.6.500.11  (32-bit addresses)
\# Command line:	/project/linuxlab/cadence/ic/tools.lnx86/dfII/bin/32bit/virtuoso -noautostart -mpssession virtuoso23472 -mpshost linuxlab011.seas.wustl.edu -davinciService DaVinciService_23472_1444239897 -log /home/warehouse/lbremer/cadence/logs_lbremer/logs0/Job2.log -licenseLockFileName /home/warehouse/lbremer/cadence/.tmp_lbremer/.linuxlab011.seas.wustl.edu_23472 -nograph -nostdin -axlChildIdFlag 2
\# Host name (type):	linuxlab011.seas.wustl.edu (x86_64)
\# Operating system:	Linux 3.10.0-229.1.2.el7.x86_64 #1 SMP Fri Mar 27 03:04:26 UTC 2015
\# Linux /etc/issue:	\S
\# Linux /etc/issue:	Kernel \r on an \m
\# X display name (WxH):	linuxlab011.seas.wustl.edu:80 (1024x868)
\# Available geometry:			TL(0:0) BR(1023:867)
\# X server:			RealVNC Ltd (VNC nograph server, PID 21103)
\# Depth of Visual (Root):	16 (16)
\# Number of Planes Used:	16
\# X version:		11.0 (vendor release 3370)
\# X resource pool:	base 0x800000, mask 0x3fffff (4194303), shift 0
\# 			current id 0x0, current max 0x3ffffa (4194298)
\# Max data seg size:	     unlimited
\# Max process size:	     unlimited
\# Initial sbrk value:	        421 MB
\# Available memory:	    121,655 MB
\# System memory:	    132,501 MB
\# Maximum memory size:	      3,724 MB
\# Max mem available:	      3,724 MB
\# Initial memory used:	         50 MB
\#        process size:	        458 MB
\# Qt version:		4.7.2
\# Window Manager:	other
\# User Name:		lbremer
\o Working Directory:	linuxlab011.seas.wustl.edu:/home/warehouse/lbremer/cadence
\# Process Id:		21462
\o 
\o COPYRIGHT © 1992-2015  CADENCE DESIGN SYSTEMS INC.  ALL RIGHTS RESERVED.
\o           © 1992-2015  UNIX SYSTEMS Laboratories INC.,
\o                          Reproduced with permission.
\o 
\o This Cadence Design Systems program and online documentation are
\o proprietary/confidential information and may be disclosed/used only
\o as authorized in a license agreement controlling such use and disclosure.
\o 
\o           RESTRICTED RIGHTS NOTICE (SHORT FORM)
\o Use/reproduction/disclosure is subject to restriction
\o set forth at FAR 1252.227-19 or its equivalent.
\o Loading geView.cxt 
\o Loading menuBuilder.cxt 
\o Loading schView.cxt 
\o Loading selectSv.cxt 
\o Loading LVS.cxt 
\o Loading layerProc.cxt 
\o Loading pte2.cxt 
\o Loading xlUI.cxt 
\o Loading auCore.cxt 
\o Loading vhdl.cxt 
\o Loading seismic.cxt 
\o Loading ci.cxt 
\o Loading ams.cxt 
\o Loading oasis.cxt 
\o Loading analog.cxt 
\o Loading asimenv.cxt 
\o Loading par.cxt 
\o Loading socket.cxt 
\o Loading alvs.cxt 
\o Loading awv.cxt 
\o Loading adexl.cxt 
\o *Info*    Exporting services from client ... 
\o 
\o Loading NCSU CDK 1.6.0 Beta customizations...
\o loading vars from /project/linuxlab/cadence/CDK/ncsu/cdssetup/cdsenv for tool adle
\o loading vars from /project/linuxlab/cadence/CDK/ncsu/cdssetup/cdsenv for tool asimenv
\w *WARNING* envSetVal: Can't set the value of variable 'width',
\w 	in tool[.partition] 'asimenv.plotting' - it has not been registered.
\w *WARNING* envSetVal: Can't set the value of variable 'height',
\w 	in tool[.partition] 'asimenv.plotting' - it has not been registered.
\o loading vars from /project/linuxlab/cadence/CDK/ncsu/cdssetup/cdsenv for tool ddserv
\o loading vars from /project/linuxlab/cadence/CDK/ncsu/cdssetup/cdsenv for tool layout
\o loading vars from /project/linuxlab/cadence/CDK/ncsu/cdssetup/cdsenv for tool schematic
\o loading vars from /project/linuxlab/cadence/CDK/ncsu/cdssetup/cdsenv for tool ui
\o loading vars from ~/.cdsenv for tool layout
\o loading vars from ~/.cdsenv for tool schematic
\o loading vars from ~/.cdsenv for tool ui
\o loading vars from ~/.cdsenv for tool asimenv
\o loading vars from ~/.cdsenv for tool spectre
\o Loading NCSU SKILL routines...
\w *WARNING* (def): redefining function cd from a lambda to be a nlambda
\w *WARNING* (def): redefining function ls from a lambda to be a nlambda
\o function pwd redefined
\o Done loading NCSU_CDK customizations.
\o Loading .cdslocal.
\o *Info*    Client has finished starting ... 
\o 
\p > 
\# Available memory:        121,327 MB at UTC 2015.10.07 17:52:12.439
\o Job 2 timed out after no activity in 300 seconds.
\o Loading viva.cxt 
\o Loading lce.cxt 
\o 
\o *Info*    Received signal SIGTERM.
\o 
\o 
\o Loading simui.cxt 
