*Info*    Exporting services from client ... 

*Info*    Client has finished starting ... 



*Info*    Configuring the session ...

	Library      = cse562
	Cell         = inv_test
	View         = schematic
	Simulator    = spectre
	State Path   = $AXL_SETUPDB_DIR/test_states
	State Name   = cse562:inv_test:1_none_Interactive.0
	Results DB   = /home/warehouse/lbremer/cadence/cse562/inv/adexl/results/data/Interactive.0.rdb
	Results Dir  = /home/warehouse/lbremer/cadence/simulation/cse562/inv/adexl/results/data/Interactive.0/1/cse562:inv_test:1
	Results Loc  = /home/warehouse/lbremer/cadence/simulation/cse562/inv/adexl/results/data
	Project Dir  = /home/warehouse/lbremer/cadence/simulation
	Setup DB loc = /home/warehouse/lbremer/cadence/cse562/inv/adexl
	File Encoding = 0


*Info*    Spectre controlMode is set "batch".






*Info*    Run start for Point ID (0 1) on testbench [
          cse562:inv_test:1 ].

Resetting statistical vars

*Info*    Setting parameter values ...

Setting temp(T) = 27

*Info*    Netlist Directory =
          /home/warehouse/lbremer/cadence/simulation/cse562/inv/adexl/results/data/Interactive.0/1/cse562:inv_test:1/netlist


*Info*    Data Directory    =
          /home/warehouse/lbremer/cadence/simulation/cse562/inv/adexl/results/data/Interactive.0/1/cse562:inv_test:1


*Info*    Creating Netlist for Point ID (0 1)

generate netlist...
Begin Incremental Netlisting Oct  7 12:56:14 2015
ERROR (OSSHNL-108): The property, 'connectivityLastUpdated', specified on library 'cse562', cell 'inv',
view 'schematic', does not have an integer value. Re-extract the design (File->Check
and Save menu option) to correct this error.

End netlisting Oct  7 12:56:14 2015
ERROR (OSSHNL-514): Netlist generation failed because of the errors reported above. The netlist might not have been generated at all, or the generated netlist could be corrupt. Fix the reported errors and regenerate the netlist.
      ...unsuccessful.

*Error*   Error ID  = 5012
*Error*   Error Msg = Failed to create netlist.









*Info*    Run start for Point ID (0 1) on testbench [
          cse562:inv_test:1 ].

Resetting statistical vars

*Info*    Setting parameter values ...

Setting temp(T) = 27

*Info*    Netlist Directory =
          /home/warehouse/lbremer/cadence/simulation/cse562/inv/adexl/results/data/Interactive.0/1/cse562:inv_test:1/netlist


*Info*    Data Directory    =
          /home/warehouse/lbremer/cadence/simulation/cse562/inv/adexl/results/data/Interactive.0/1/cse562:inv_test:1


*Info*    Creating Netlist for Point ID (0 1)

generate netlist...
Begin Incremental Netlisting Oct  7 12:56:14 2015
ERROR (OSSHNL-108): The property, 'connectivityLastUpdated', specified on library 'cse562', cell 'inv',
view 'schematic', does not have an integer value. Re-extract the design (File->Check
and Save menu option) to correct this error.

End netlisting Oct  7 12:56:14 2015
ERROR (OSSHNL-514): Netlist generation failed because of the errors reported above. The netlist might not have been generated at all, or the generated netlist could be corrupt. Fix the reported errors and regenerate the netlist.
      ...unsuccessful.

*Error*   Error ID  = 5012
*Error*   Error Msg = Failed to create netlist.




