Begin Incremental Netlisting Dec 11 06:57:18 2015
End netlisting Dec 11 06:57:19 2015
Begin Incremental Netlisting Dec 11 06:57:35 2015
End netlisting Dec 11 06:57:35 2015
Begin Incremental Netlisting Dec 11 06:58:04 2015
End netlisting Dec 11 06:58:04 2015
Begin Incremental Netlisting Dec 11 07:10:06 2015
End netlisting Dec 11 07:10:06 2015
Begin Incremental Netlisting Dec 11 07:11:00 2015
End netlisting Dec 11 07:11:00 2015
Begin Incremental Netlisting Dec 11 07:12:36 2015
End netlisting Dec 11 07:12:36 2015
Begin Incremental Netlisting Dec 11 07:13:47 2015
End netlisting Dec 11 07:13:48 2015
Begin Incremental Netlisting Dec 11 07:14:47 2015
ERROR (OSSHNL-109): The cellview 'cse562/new_comparator/schematic' has been
modified since the last extraction. Validate
that the schematic is correct and
run Check and Save to correct this error.

End netlisting Dec 11 07:14:47 2015
Begin Incremental Netlisting Dec 11 07:14:53 2015
End netlisting Dec 11 07:14:53 2015
