Begin Incremental Netlisting Dec 10 21:39:22 2015
End netlisting Dec 10 21:39:23 2015
Begin Incremental Netlisting Dec 10 21:40:37 2015
End netlisting Dec 10 21:40:37 2015
Begin Incremental Netlisting Dec 10 21:40:59 2015
End netlisting Dec 10 21:40:59 2015
Begin Incremental Netlisting Dec 10 21:41:50 2015
End netlisting Dec 10 21:41:50 2015
Begin Incremental Netlisting Dec 10 21:43:10 2015
ERROR (OSSHNL-109): The cellview 'cse562/trans_gate_latch/schematic' has been
modified since the last extraction. Validate
that the schematic is correct and
run Check and Save to correct this error.

End netlisting Dec 10 21:43:10 2015
Begin Incremental Netlisting Dec 10 21:43:17 2015
End netlisting Dec 10 21:43:17 2015
Begin Incremental Netlisting Dec 10 21:44:12 2015
End netlisting Dec 10 21:44:12 2015
Begin Incremental Netlisting Dec 10 21:44:57 2015
End netlisting Dec 10 21:44:57 2015
Begin Incremental Netlisting Dec 10 21:46:07 2015
End netlisting Dec 10 21:46:07 2015
Begin Incremental Netlisting Dec 10 21:47:26 2015
WARNING (OSSHNL-160): The primitive, 'NCSU_Analog_Parts/res/spectre', was not
used in the last netlisting session in this
current run directory. Therefore,
re-netlisting all cell views where this
primitive is instantiated.

End netlisting Dec 10 21:47:26 2015
Begin Incremental Netlisting Dec 10 21:48:18 2015
End netlisting Dec 10 21:48:18 2015
Begin Incremental Netlisting Dec 10 21:52:23 2015
WARNING (OSSHNL-160): The primitive, 'NCSU_Analog_Parts/cap/spectre', was not
used in the last netlisting session in this
current run directory. Therefore,
re-netlisting all cell views where this
primitive is instantiated.

End netlisting Dec 10 21:52:24 2015
Begin Incremental Netlisting Dec 10 21:52:55 2015
End netlisting Dec 10 21:52:55 2015
Begin Incremental Netlisting Dec 10 21:53:39 2015
End netlisting Dec 10 21:53:39 2015
Begin Incremental Netlisting Dec 10 21:55:37 2015
End netlisting Dec 10 21:55:37 2015
Begin Incremental Netlisting Dec 10 21:56:09 2015
End netlisting Dec 10 21:56:10 2015
Begin Incremental Netlisting Dec 10 21:59:04 2015
End netlisting Dec 10 21:59:04 2015
Begin Incremental Netlisting Dec 10 22:00:00 2015
End netlisting Dec 10 22:00:00 2015
Begin Incremental Netlisting Dec 10 22:01:19 2015
End netlisting Dec 10 22:01:19 2015
Begin Incremental Netlisting Dec 10 22:04:44 2015
End netlisting Dec 10 22:04:45 2015
Begin Incremental Netlisting Dec 10 22:06:31 2015
End netlisting Dec 10 22:06:31 2015
Begin Incremental Netlisting Dec 10 22:10:31 2015
End netlisting Dec 10 22:10:32 2015
Begin Incremental Netlisting Dec 10 22:11:45 2015
End netlisting Dec 10 22:11:46 2015
Begin Incremental Netlisting Dec 10 22:13:05 2015
End netlisting Dec 10 22:13:05 2015
Begin Incremental Netlisting Dec 10 22:14:35 2015
End netlisting Dec 10 22:14:35 2015
Begin Incremental Netlisting Dec 10 22:15:37 2015
End netlisting Dec 10 22:15:37 2015
Begin Incremental Netlisting Dec 10 22:17:27 2015
End netlisting Dec 10 22:17:27 2015
Begin Incremental Netlisting Dec 10 22:19:20 2015
End netlisting Dec 10 22:19:21 2015
Begin Incremental Netlisting Dec 10 22:20:07 2015
End netlisting Dec 10 22:20:07 2015
Begin Incremental Netlisting Dec 10 22:20:33 2015
End netlisting Dec 10 22:20:34 2015
Begin Incremental Netlisting Dec 10 22:24:03 2015
WARNING (OSSHNL-160): The primitive, 'NCSU_Analog_Parts/cap/spectre', was not
used in the last netlisting session in this
current run directory. Therefore,
re-netlisting all cell views where this
primitive is instantiated.

End netlisting Dec 10 22:24:04 2015
Begin Incremental Netlisting Dec 10 22:24:57 2015
End netlisting Dec 10 22:24:57 2015
Begin Incremental Netlisting Dec 10 22:25:57 2015
End netlisting Dec 10 22:25:57 2015
Begin Incremental Netlisting Dec 10 22:36:22 2015
WARNING (OSSHNL-160): The primitive, 'NCSU_Analog_Parts/cap/spectre', was not
used in the last netlisting session in this
current run directory. Therefore,
re-netlisting all cell views where this
primitive is instantiated.

End netlisting Dec 10 22:36:22 2015
Begin Incremental Netlisting Dec 10 22:36:44 2015
End netlisting Dec 10 22:36:44 2015
Begin Incremental Netlisting Dec 10 22:38:49 2015
End netlisting Dec 10 22:38:49 2015
Begin Incremental Netlisting Dec 10 22:40:05 2015
End netlisting Dec 10 22:40:06 2015
Begin Incremental Netlisting Dec 10 22:40:30 2015
End netlisting Dec 10 22:40:30 2015
Begin Incremental Netlisting Dec 10 22:41:32 2015
End netlisting Dec 10 22:41:32 2015
Begin Incremental Netlisting Dec 10 22:43:29 2015
WARNING (OSSHNL-160): The primitive, 'NCSU_Analog_Parts/cap/spectre', was not
used in the last netlisting session in this
current run directory. Therefore,
re-netlisting all cell views where this
primitive is instantiated.

End netlisting Dec 10 22:43:29 2015
Begin Incremental Netlisting Dec 10 22:44:39 2015
End netlisting Dec 10 22:44:39 2015
Begin Incremental Netlisting Dec 10 22:45:27 2015
End netlisting Dec 10 22:45:27 2015
Begin Incremental Netlisting Dec 10 22:47:57 2015
End netlisting Dec 10 22:47:57 2015
Begin Incremental Netlisting Dec 10 22:49:48 2015
End netlisting Dec 10 22:49:48 2015
