Begin Incremental Netlisting Nov  2 13:59:32 2015
ERROR (OSSHNL-109): The cellview 'cse562/poly/schematic' has been modified since
the last extraction. Validate
that the schematic is correct and run Check and
Save to correct this error.

End netlisting Nov  2 13:59:32 2015
Begin Incremental Netlisting Nov  2 14:01:48 2015
End netlisting Nov  2 14:01:49 2015
Begin Incremental Netlisting Nov  2 14:05:22 2015
End netlisting Nov  2 14:05:22 2015
Begin Incremental Netlisting Nov  2 14:05:51 2015
End netlisting Nov  2 14:05:51 2015
Begin Incremental Netlisting Nov  2 14:06:29 2015
End netlisting Nov  2 14:06:29 2015
Begin Incremental Netlisting Nov  2 14:07:47 2015
End netlisting Nov  2 14:07:47 2015
Begin Incremental Netlisting Nov  2 14:08:50 2015
End netlisting Nov  2 14:08:50 2015
Begin Incremental Netlisting Nov  2 14:13:27 2015
End netlisting Nov  2 14:13:27 2015
Begin Incremental Netlisting Nov  2 14:15:47 2015
End netlisting Nov  2 14:15:47 2015
