Begin Incremental Netlisting Nov  2 10:52:05 2015
End netlisting Nov  2 10:52:06 2015
Begin Incremental Netlisting Nov  2 10:53:39 2015
End netlisting Nov  2 10:53:39 2015
Begin Incremental Netlisting Nov  2 10:56:18 2015
WARNING (OSSHNL-160): The primitive, 'NCSU_Analog_Parts/idc/spectre', was not
used in the last netlisting session in this
current run directory. Therefore,
re-netlisting all cell views where this
primitive is instantiated.

End netlisting Nov  2 10:56:18 2015
Begin Incremental Netlisting Nov  2 11:00:39 2015
End netlisting Nov  2 11:00:39 2015
Begin Incremental Netlisting Nov  2 11:02:34 2015
End netlisting Nov  2 11:02:34 2015
Begin Incremental Netlisting Nov  2 11:03:04 2015
End netlisting Nov  2 11:03:04 2015
Begin Incremental Netlisting Nov  2 11:04:17 2015
ERROR (OSSHNL-109): The cellview 'cse562/div2/schematic' has been modified since
the last extraction. Validate
that the schematic is correct and run Check and
Save to correct this error.

End netlisting Nov  2 11:04:17 2015
Begin Incremental Netlisting Nov  2 11:04:23 2015
End netlisting Nov  2 11:04:23 2015
Begin Incremental Netlisting Nov  2 11:19:50 2015
WARNING (OSSHNL-160): The primitive, 'NCSU_Analog_Parts/pmos4/spectre', was not
used in the last netlisting session in this
current run directory. Therefore,
re-netlisting all cell views where this
primitive is instantiated.

End netlisting Nov  2 11:19:51 2015
Begin Incremental Netlisting Nov  2 11:20:16 2015
End netlisting Nov  2 11:20:16 2015
Begin Incremental Netlisting Nov  2 11:21:30 2015
End netlisting Nov  2 11:21:30 2015
Begin Incremental Netlisting Nov  2 11:22:11 2015
End netlisting Nov  2 11:22:11 2015
Begin Incremental Netlisting Nov  2 11:22:26 2015
End netlisting Nov  2 11:22:26 2015
Begin Incremental Netlisting Nov  2 11:22:51 2015
End netlisting Nov  2 11:22:51 2015
Begin Incremental Netlisting Nov  2 11:24:43 2015
End netlisting Nov  2 11:24:43 2015
Begin Incremental Netlisting Nov  2 11:25:51 2015
End netlisting Nov  2 11:25:51 2015
Begin Incremental Netlisting Nov  2 11:26:16 2015
End netlisting Nov  2 11:26:16 2015
Begin Incremental Netlisting Nov  2 11:26:45 2015
End netlisting Nov  2 11:26:45 2015
Begin Incremental Netlisting Nov  2 11:31:46 2015
End netlisting Nov  2 11:31:46 2015
Begin Incremental Netlisting Nov  2 11:33:12 2015
ERROR (OSSHNL-109): The cellview 'cse562/div2/schematic' has been modified since
the last extraction. Validate
that the schematic is correct and run Check and
Save to correct this error.

End netlisting Nov  2 11:33:12 2015
Begin Incremental Netlisting Nov  2 11:33:19 2015
ERROR (OSSHNL-109): The cellview 'cse562/div2/schematic' has been modified since
the last extraction. Validate
that the schematic is correct and run Check and
Save to correct this error.

End netlisting Nov  2 11:33:19 2015
Begin Incremental Netlisting Nov  2 11:33:20 2015
ERROR (OSSHNL-109): The cellview 'cse562/div2/schematic' has been modified since
the last extraction. Validate
that the schematic is correct and run Check and
Save to correct this error.

End netlisting Nov  2 11:33:20 2015
Begin Incremental Netlisting Nov  2 11:33:29 2015
End netlisting Nov  2 11:33:29 2015
Begin Incremental Netlisting Nov  2 11:38:53 2015
End netlisting Nov  2 11:38:53 2015
Begin Incremental Netlisting Nov  2 11:42:22 2015
End netlisting Nov  2 11:42:22 2015
Begin Incremental Netlisting Nov  2 11:43:12 2015
End netlisting Nov  2 11:43:12 2015
Begin Incremental Netlisting Nov  2 11:44:53 2015
End netlisting Nov  2 11:44:53 2015
